<?xml version="1.0" encoding="UTF-8"?>
<testng-results skipped="0" failed="0" ignored="0" total="2" passed="2">
  <reporter-output>
  </reporter-output>
  <suite name="Default suite" duration-ms="29720" started-at="2018-03-29T13:19:32Z" finished-at="2018-03-29T13:20:02Z">
    <groups>
    </groups>
    <test name="Default test" duration-ms="29720" started-at="2018-03-29T13:19:32Z" finished-at="2018-03-29T13:20:02Z">
      <class name="freecrm.TasksTest">
        <test-method status="PASS" signature="method1()[pri:0, instance:freecrm.TasksTest@7e2d773b]" name="method1" duration-ms="23934" started-at="2018-03-29T13:19:32Z" finished-at="2018-03-29T13:19:56Z">
          <reporter-output>
          </reporter-output>
        </test-method> <!-- method1 -->
        <test-method status="PASS" signature="f2()[pri:2, instance:freecrm.TasksTest@7e2d773b]" name="f2" duration-ms="5734" started-at="2018-03-29T13:19:56Z" finished-at="2018-03-29T13:20:02Z">
          <reporter-output>
          </reporter-output>
        </test-method> <!-- f2 -->
      </class> <!-- freecrm.TasksTest -->
    </test> <!-- Default test -->
  </suite> <!-- Default suite -->
</testng-results>
